     1                                  section .data
     2                                  
     3                                    ;Initialized data definitions go here
     4                                  section .bss
     5                                  
     6                                    ;Uninitialized memory reservations go here
     7                                  
     8                                  section .text
     9                                  global _start
    10                                  _start:
    11 00000000 90                        nop
    12                                    ; Put program code here
    13                                    ; End program code here
    14                                  
    15 00000001 90                        nop
    16                                  
    17                                  ; Exit the program Linux Legally!
    18 00000002 B801000000              mov eax,1 ; Exit system call value
    19 00000007 BB00000000              mov ebx,0 ; Exit return code
    20 0000000C CD80                    int 80h ; Call the kernel
